<?xml version="1.0" encoding="UTF-8"?>
<testng-results ignored="0" total="2" passed="2" failed="0" skipped="0">
  <reporter-output>
  </reporter-output>
  <suite started-at="2024-04-04T14:19:57 IST" name="Suite" finished-at="2024-04-04T14:20:11 IST" duration-ms="13496">
    <groups>
    </groups>
    <test started-at="2024-04-04T14:19:57 IST" name="Test" finished-at="2024-04-04T14:20:11 IST" duration-ms="13496">
      <class name="UdemyClass.ErrorValidationTest">
        <test-method is-config="true" signature="launchApplication()[pri:0, instance:UdemyClass.ErrorValidationTest@2b30a42c]" started-at="2024-04-04T14:19:58 IST" name="launchApplication" finished-at="2024-04-04T14:20:03 IST" duration-ms="5122" status="PASS">
          <reporter-output>
          </reporter-output>
        </test-method> <!-- launchApplication -->
        <test-method signature="loginErrorValidation()[pri:0, instance:UdemyClass.ErrorValidationTest@2b30a42c]" started-at="2024-04-04T14:20:03 IST" name="loginErrorValidation" finished-at="2024-04-04T14:20:03 IST" duration-ms="698" status="PASS">
          <reporter-output>
          </reporter-output>
        </test-method> <!-- loginErrorValidation -->
        <test-method is-config="true" signature="tearDown()[pri:0, instance:UdemyClass.ErrorValidationTest@2b30a42c]" started-at="2024-04-04T14:20:03 IST" name="tearDown" finished-at="2024-04-04T14:20:04 IST" duration-ms="207" status="PASS">
          <reporter-output>
          </reporter-output>
        </test-method> <!-- tearDown -->
        <test-method is-config="true" signature="launchApplication()[pri:0, instance:UdemyClass.ErrorValidationTest@2b30a42c]" started-at="2024-04-04T14:20:04 IST" name="launchApplication" finished-at="2024-04-04T14:20:08 IST" duration-ms="4066" status="PASS">
          <reporter-output>
          </reporter-output>
        </test-method> <!-- launchApplication -->
        <test-method signature="productErrorValidation()[pri:0, instance:UdemyClass.ErrorValidationTest@2b30a42c]" started-at="2024-04-04T14:20:08 IST" name="productErrorValidation" finished-at="2024-04-04T14:20:11 IST" duration-ms="3170" status="PASS">
          <reporter-output>
          </reporter-output>
        </test-method> <!-- productErrorValidation -->
        <test-method is-config="true" signature="tearDown()[pri:0, instance:UdemyClass.ErrorValidationTest@2b30a42c]" started-at="2024-04-04T14:20:11 IST" name="tearDown" finished-at="2024-04-04T14:20:11 IST" duration-ms="170" status="PASS">
          <reporter-output>
          </reporter-output>
        </test-method> <!-- tearDown -->
      </class> <!-- UdemyClass.ErrorValidationTest -->
    </test> <!-- Test -->
  </suite> <!-- Suite -->
</testng-results>
