<?xml version="1.0" encoding="UTF-8"?>
<testng-results ignored="0" total="2" passed="2" failed="0" skipped="0">
  <reporter-output>
  </reporter-output>
  <suite started-at="2024-04-04T14:17:22 IST" name="Suite" finished-at="2024-04-04T14:17:36 IST" duration-ms="14036">
    <groups>
    </groups>
    <test started-at="2024-04-04T14:17:22 IST" name="Test" finished-at="2024-04-04T14:17:36 IST" duration-ms="14036">
      <class name="UdemyClass.ErrorValidationTest">
        <test-method is-config="true" signature="launchApplication()[pri:0, instance:UdemyClass.ErrorValidationTest@2a8448fa]" started-at="2024-04-04T14:17:22 IST" name="launchApplication" finished-at="2024-04-04T14:17:28 IST" duration-ms="6349" status="PASS">
          <reporter-output>
          </reporter-output>
        </test-method> <!-- launchApplication -->
        <test-method signature="loginErrorValidation()[pri:0, instance:UdemyClass.ErrorValidationTest@2a8448fa]" started-at="2024-04-04T14:17:28 IST" name="loginErrorValidation" finished-at="2024-04-04T14:17:29 IST" duration-ms="845" status="PASS">
          <reporter-output>
          </reporter-output>
        </test-method> <!-- loginErrorValidation -->
        <test-method is-config="true" signature="tearDown()[pri:0, instance:UdemyClass.ErrorValidationTest@2a8448fa]" started-at="2024-04-04T14:17:29 IST" name="tearDown" finished-at="2024-04-04T14:17:29 IST" duration-ms="191" status="PASS">
          <reporter-output>
          </reporter-output>
        </test-method> <!-- tearDown -->
        <test-method is-config="true" signature="launchApplication()[pri:0, instance:UdemyClass.ErrorValidationTest@2a8448fa]" started-at="2024-04-04T14:17:29 IST" name="launchApplication" finished-at="2024-04-04T14:17:32 IST" duration-ms="2823" status="PASS">
          <reporter-output>
          </reporter-output>
        </test-method> <!-- launchApplication -->
        <test-method signature="productErrorValidation()[pri:0, instance:UdemyClass.ErrorValidationTest@2a8448fa]" started-at="2024-04-04T14:17:32 IST" name="productErrorValidation" finished-at="2024-04-04T14:17:36 IST" duration-ms="3584" status="PASS">
          <reporter-output>
          </reporter-output>
        </test-method> <!-- productErrorValidation -->
        <test-method is-config="true" signature="tearDown()[pri:0, instance:UdemyClass.ErrorValidationTest@2a8448fa]" started-at="2024-04-04T14:17:36 IST" name="tearDown" finished-at="2024-04-04T14:17:36 IST" duration-ms="171" status="PASS">
          <reporter-output>
          </reporter-output>
        </test-method> <!-- tearDown -->
      </class> <!-- UdemyClass.ErrorValidationTest -->
    </test> <!-- Test -->
  </suite> <!-- Suite -->
</testng-results>
